<?xml version="1.0" encoding="UTF-8"?>
<testng-results ignored="0" total="2" passed="2" failed="0" skipped="0">
  <reporter-output>
  </reporter-output>
  <suite started-at="2023-07-06T03:07:03 IST" name="Suite" finished-at="2023-07-06T03:08:38 IST" duration-ms="94884">
    <groups>
    </groups>
    <test started-at="2023-07-06T03:07:03 IST" name="Test" finished-at="2023-07-06T03:08:38 IST" duration-ms="94884">
      <class name="myTest.Test001">
        <test-method is-config="true" signature="setUp()[pri:0, instance:myTest.Test001@57d7f8ca]" started-at="2023-07-06T03:07:04 IST" name="setUp" finished-at="2023-07-06T03:07:45 IST" duration-ms="41345" status="PASS">
          <reporter-output>
          </reporter-output>
        </test-method> <!-- setUp -->
        <test-method signature="verifyLogo()[pri:0, instance:myTest.Test001@57d7f8ca]" started-at="2023-07-06T03:07:45 IST" name="verifyLogo" finished-at="2023-07-06T03:07:52 IST" duration-ms="6565" status="PASS">
          <reporter-output>
          </reporter-output>
        </test-method> <!-- verifyLogo -->
        <test-method is-config="true" signature="tearDown()[pri:0, instance:myTest.Test001@57d7f8ca]" started-at="2023-07-06T03:07:52 IST" name="tearDown" finished-at="2023-07-06T03:08:06 IST" duration-ms="14077" status="PASS">
          <reporter-output>
          </reporter-output>
        </test-method> <!-- tearDown -->
        <test-method is-config="true" signature="setUp()[pri:0, instance:myTest.Test001@57d7f8ca]" started-at="2023-07-06T03:08:06 IST" name="setUp" finished-at="2023-07-06T03:08:37 IST" duration-ms="30785" status="PASS">
          <reporter-output>
          </reporter-output>
        </test-method> <!-- setUp -->
        <test-method signature="verifyTitle()[pri:0, instance:myTest.Test001@57d7f8ca]" started-at="2023-07-06T03:08:37 IST" name="verifyTitle" finished-at="2023-07-06T03:08:37 IST" duration-ms="283" status="PASS">
          <reporter-output>
          </reporter-output>
        </test-method> <!-- verifyTitle -->
        <test-method is-config="true" signature="tearDown()[pri:0, instance:myTest.Test001@57d7f8ca]" started-at="2023-07-06T03:08:37 IST" name="tearDown" finished-at="2023-07-06T03:08:38 IST" duration-ms="1352" status="PASS">
          <reporter-output>
          </reporter-output>
        </test-method> <!-- tearDown -->
      </class> <!-- myTest.Test001 -->
    </test> <!-- Test -->
  </suite> <!-- Suite -->
</testng-results>
